<?xml version="1.0" encoding="UTF-8"?>
<robot generator="Robot 7.4.2 (Python 3.14.2 on win32)" generated="2026-04-04T10:00:30.512351" rpa="false" schemaversion="5">
<suite id="s1" name="Virtualenvironment" source="D:\Pythonallprojectsautomationwork\virtualenvironment">
<suite id="s1-s1" name="Mythirdrobotframeworktask20guvi" source="D:\Pythonallprojectsautomationwork\virtualenvironment\Mythirdrobotframeworktask20guvi.robot">
<test id="s1-s1-t1" line="12">
<status status="FAIL" start="2026-04-04T10:00:30.879075" elapsed="0.001099">Test name cannot be empty.</status>
</test>
<doc>My first robot framework</doc>
<status status="FAIL" start="2026-04-04T10:00:30.574834" elapsed="0.307556"/>
</suite>
<status status="FAIL" start="2026-04-04T10:00:30.516706" elapsed="0.369396"/>
</suite>
<statistics>
<total>
<stat pass="0" fail="1" skip="0">All Tests</stat>
</total>
<tag>
</tag>
<suite>
<stat name="Virtualenvironment" id="s1" pass="0" fail="1" skip="0">Virtualenvironment</stat>
<stat name="Mythirdrobotframeworktask20guvi" id="s1-s1" pass="0" fail="1" skip="0">Virtualenvironment.Mythirdrobotframeworktask20guvi</stat>
</suite>
</statistics>
<errors>
</errors>
</robot>
